[2018-01-03T21:13:07.987] [ERROR] mrzhang - Cheese is too ripe!
[2018-01-03T21:13:08.847] [ERROR] mrzhang - Cheese is too ripe!
[2018-01-03T21:15:47.625] [ERROR] mrzhang - 404
[2018-01-03T21:17:47.926] [ERROR] mrzhang - Cheese is too ripe!
[2018-01-03T21:17:48.955] [ERROR] mrzhang - Cheese is too ripe!
[2018-01-03T21:20:18.130] [ERROR] mrzhang - Cheese is too ripe!
[2018-01-03T21:25:06.703] [ERROR] mrzhang - Cheese is too ripe!
[2018-01-03T21:25:28.982] [ERROR] mrzhang - Cheese is too ripe!
[2018-01-03T21:25:57.185] [ERROR] mrzhang - Cheese is too ripe!
[2018-01-03T21:26:04.790] [ERROR] mrzhang - Cheese is too ripe!
[2018-01-03T21:26:26.752] [ERROR] mrzhang - Cheese is too ripe!
[2018-01-03T21:27:14.767] [ERROR] mrzhang - Cheese is too ripe!
[2018-01-03T21:28:01.945] [ERROR] mrzhang - Cheese is too ripe!
[2018-01-03T21:29:01.241] [ERROR] mrzhang - Cheese is too ripe!
[2018-01-03T21:38:39.657] [ERROR] mrzhang - Cheese is too ripe!
[2018-01-03T21:38:50.037] [ERROR] mrzhang - 404
[2018-01-03T21:40:10.932] [ERROR] mrzhang - Cheese is too ripe!
[2018-01-03T21:40:13.276] [ERROR] mrzhang - 404
[2018-01-03T21:40:26.618] [ERROR] mrzhang - Cheese is too ripe!
[2018-01-03T21:40:27.111] [ERROR] mrzhang - 404:TypeError: $.length is not a function
[2018-01-03T21:40:27.144] [ERROR] mrzhang - 404
[2018-01-03T21:40:36.147] [ERROR] mrzhang - 404:TypeError: $.length is not a function
[2018-01-03T21:40:36.331] [ERROR] mrzhang - 404
[2018-01-03T21:40:57.320] [ERROR] mrzhang - Cheese is too ripe!
[2018-01-03T21:41:05.694] [ERROR] mrzhang - 404
[2018-01-03T21:41:42.152] [ERROR] mrzhang - Cheese is too ripe!
[2018-01-03T21:41:45.062] [ERROR] mrzhang - 404:TypeError: $.find is not a function
[2018-01-03T21:41:45.095] [ERROR] mrzhang - 404
[2018-01-03T21:42:34.080] [ERROR] mrzhang - Cheese is too ripe!
[2018-01-03T21:42:35.321] [ERROR] mrzhang - 404:TypeError: Cannot read property 'find' of undefined
[2018-01-03T21:42:35.352] [ERROR] mrzhang - 404
[2018-01-03T21:42:38.479] [ERROR] mrzhang - 404:TypeError: Cannot read property 'find' of undefined
[2018-01-03T21:42:38.508] [ERROR] mrzhang - 404
[2018-01-03T21:42:46.506] [ERROR] mrzhang - Cheese is too ripe!
[2018-01-03T21:42:47.610] [ERROR] mrzhang - 404:TypeError: $.eq is not a function
[2018-01-03T21:42:47.709] [ERROR] mrzhang - 404
[2018-01-03T21:43:55.169] [ERROR] mrzhang - Cheese is too ripe!
[2018-01-03T21:43:56.699] [ERROR] mrzhang - 404
[2018-01-03T21:44:20.281] [ERROR] mrzhang - Cheese is too ripe!
[2018-01-03T21:44:33.794] [ERROR] mrzhang - Cheese is too ripe!
[2018-01-03T21:44:35.322] [ERROR] mrzhang - 404
[2018-01-03T21:46:25.093] [ERROR] mrzhang - Cheese is too ripe!
[2018-01-03T21:46:30.866] [ERROR] mrzhang - 404
[2018-01-03T21:46:37.715] [ERROR] mrzhang - Cheese is too ripe!
[2018-01-03T21:46:39.796] [ERROR] mrzhang - Cheese is too ripe!
[2018-01-03T21:46:40.529] [ERROR] mrzhang - 404
[2018-01-03T21:49:02.480] [ERROR] mrzhang - Cheese is too ripe!
[2018-01-03T21:49:03.447] [ERROR] mrzhang - 404
[2018-01-03T21:49:20.403] [ERROR] mrzhang - Cheese is too ripe!
[2018-01-03T21:49:22.257] [ERROR] mrzhang - 404
[2018-01-03T21:50:09.230] [ERROR] mrzhang - Cheese is too ripe!
[2018-01-03T21:50:10.914] [ERROR] mrzhang - 404
[2018-01-03T21:50:23.948] [ERROR] mrzhang - Cheese is too ripe!
[2018-01-03T21:50:29.519] [ERROR] mrzhang - 404
[2018-01-03T21:51:07.260] [ERROR] mrzhang - Cheese is too ripe!
[2018-01-03T21:51:07.754] [ERROR] mrzhang - 404
[2018-01-03T21:51:36.008] [ERROR] mrzhang - Cheese is too ripe!
[2018-01-03T21:51:36.632] [ERROR] mrzhang - 404
[2018-01-03T21:52:48.146] [ERROR] mrzhang - Cheese is too ripe!
[2018-01-03T21:53:21.917] [ERROR] mrzhang - Cheese is too ripe!
[2018-01-03T21:53:22.754] [ERROR] mrzhang - 404
[2018-01-03T21:53:28.968] [ERROR] mrzhang - 404
[2018-01-03T21:53:49.067] [ERROR] mrzhang - Cheese is too ripe!
[2018-01-03T21:53:49.548] [ERROR] mrzhang - 404
[2018-01-03T21:53:59.033] [ERROR] mrzhang - Cheese is too ripe!
[2018-01-03T21:54:26.257] [ERROR] mrzhang - Cheese is too ripe!
[2018-01-03T21:54:26.395] [ERROR] mrzhang - 404
[2018-01-03T21:54:31.536] [ERROR] mrzhang - 404
[2018-01-03T21:54:36.426] [ERROR] mrzhang - Cheese is too ripe!
[2018-01-03T21:54:37.226] [ERROR] mrzhang - 404
[2018-01-03T21:54:47.213] [ERROR] mrzhang - Cheese is too ripe!
[2018-01-03T21:54:47.606] [ERROR] mrzhang - 404
[2018-01-03T21:55:35.839] [ERROR] mrzhang - Cheese is too ripe!
[2018-01-03T21:55:36.667] [ERROR] mrzhang - 404
[2018-01-03T21:55:52.884] [ERROR] mrzhang - Cheese is too ripe!
[2018-01-03T21:55:59.458] [ERROR] mrzhang - Cheese is too ripe!
[2018-01-03T21:56:03.471] [ERROR] mrzhang - 404
[2018-01-03T21:58:18.246] [ERROR] mrzhang - Cheese is too ripe!
[2018-01-03T21:58:18.620] [ERROR] mrzhang - 404
[2018-01-03T21:58:32.913] [ERROR] mrzhang - Cheese is too ripe!
[2018-01-03T21:58:33.225] [ERROR] mrzhang - 404
[2018-01-03T21:58:47.889] [ERROR] mrzhang - Cheese is too ripe!
[2018-01-03T21:58:51.472] [ERROR] mrzhang - 404
[2018-01-03T21:59:07.948] [ERROR] mrzhang - Cheese is too ripe!
[2018-01-03T21:59:12.960] [ERROR] mrzhang - 404
[2018-01-03T21:59:37.053] [ERROR] mrzhang - Cheese is too ripe!
[2018-01-03T21:59:39.642] [ERROR] mrzhang - 404:TypeError: elem.find is not a function
[2018-01-03T21:59:39.668] [ERROR] mrzhang - 404
[2018-01-03T21:59:45.183] [ERROR] mrzhang - 404:TypeError: elem.find is not a function
[2018-01-03T21:59:45.207] [ERROR] mrzhang - 404
[2018-01-03T22:00:27.168] [ERROR] mrzhang - Cheese is too ripe!
[2018-01-03T22:00:59.872] [ERROR] mrzhang - Cheese is too ripe!
[2018-01-03T22:01:06.310] [ERROR] mrzhang - 404
[2018-01-03T22:01:29.435] [ERROR] mrzhang - Cheese is too ripe!
[2018-01-03T22:01:31.403] [ERROR] mrzhang - 404
[2018-01-03T22:01:39.427] [ERROR] mrzhang - Cheese is too ripe!
[2018-01-03T22:01:40.784] [ERROR] mrzhang - 404
[2018-01-03T22:02:34.621] [ERROR] mrzhang - Cheese is too ripe!
[2018-01-03T22:02:36.940] [ERROR] mrzhang - 404
[2018-01-03T22:02:43.602] [ERROR] mrzhang - Cheese is too ripe!
[2018-01-03T22:02:43.882] [ERROR] mrzhang - 404
[2018-01-03T22:02:57.640] [ERROR] mrzhang - Cheese is too ripe!
[2018-01-03T22:02:57.847] [ERROR] mrzhang - 404
[2018-01-03T22:03:04.677] [ERROR] mrzhang - Cheese is too ripe!
[2018-01-03T22:03:04.824] [ERROR] mrzhang - 404
[2018-01-03T22:03:13.201] [ERROR] mrzhang - Cheese is too ripe!
[2018-01-03T22:03:41.507] [ERROR] mrzhang - Cheese is too ripe!
[2018-01-03T22:03:41.683] [ERROR] mrzhang - 404
[2018-01-03T22:04:07.808] [ERROR] mrzhang - Cheese is too ripe!
[2018-01-03T22:05:01.490] [ERROR] mrzhang - Cheese is too ripe!
[2018-01-03T22:05:18.071] [ERROR] mrzhang - Cheese is too ripe!
[2018-01-03T22:05:20.614] [ERROR] mrzhang - 404
[2018-01-03T22:05:30.866] [ERROR] mrzhang - Cheese is too ripe!
[2018-01-03T22:05:31.131] [ERROR] mrzhang - 404
[2018-01-03T22:05:41.774] [ERROR] mrzhang - Cheese is too ripe!
[2018-01-03T22:05:48.215] [ERROR] mrzhang - Cheese is too ripe!
[2018-01-03T22:05:53.129] [ERROR] mrzhang - Cheese is too ripe!
[2018-01-03T22:05:55.713] [ERROR] mrzhang - Cheese is too ripe!
[2018-01-03T22:05:55.942] [ERROR] mrzhang - 404
[2018-01-03T22:07:38.391] [ERROR] mrzhang - Cheese is too ripe!
